  fea.cpp
  fea_stress.cpp
C:\Users\Loki\Source\Repos\Final-Project\fea_stress.cpp(8,23): warning C4305: 'initializing': truncation from 'double' to 'float'
C:\Users\Loki\Source\Repos\Final-Project\fea_stress.cpp(9,25): warning C4305: 'initializing': truncation from 'double' to 'float'
  main.cpp
C:\Users\Loki\Source\Repos\Final-Project\main.cpp(69,17): warning C4244: 'initializing': conversion from 'double' to 'float', possible loss of data
C:\Users\Loki\Source\Repos\Final-Project\main.cpp(70,17): warning C4244: 'initializing': conversion from 'double' to 'float', possible loss of data
C:\Users\Loki\Source\Repos\Final-Project\main.cpp(86,17): warning C4244: 'initializing': conversion from 'double' to 'float', possible loss of data
C:\Users\Loki\Source\Repos\Final-Project\main.cpp(87,17): warning C4244: 'initializing': conversion from 'double' to 'float', possible loss of data
C:\Users\Loki\Source\Repos\Final-Project\main.cpp(99,23): warning C4244: '-=': conversion from 'double' to 'float', possible loss of data
  Generating Code...
LINK : warning LNK4098: defaultlib 'MSVCRT' conflicts with use of other libs; use /NODEFAULTLIB:library
LINK : warning LNK4217: symbol 'glewInit' defined in 'libglew32.lib(glew.obj)' is imported by 'main.obj' in function 'main'
LINK : warning LNK4217: symbol '__glewActiveTexture' defined in 'libglew32.lib(glew.obj)' is imported by 'main.obj' in function 'main'
LINK : warning LNK4217: symbol '__glewBindBuffer' defined in 'libglew32.lib(glew.obj)' is imported by 'main.obj' in function '"public: void __cdecl Model::set_buffer_data(unsigned int,class std::vector<float,class std::allocator<float> > const &)" (?set_buffer_data@Model@@QEAAXIAEBV?$vector@MV?$allocator@M@std@@@std@@@Z)'
LINK : warning LNK4217: symbol '__glewBufferData' defined in 'libglew32.lib(glew.obj)' is imported by 'main.obj' in function '"public: void __cdecl Model::set_buffer_data(unsigned int,class std::vector<float,class std::allocator<float> > const &)" (?set_buffer_data@Model@@QEAAXIAEBV?$vector@MV?$allocator@M@std@@@std@@@Z)'
LINK : warning LNK4217: symbol '__glewGenBuffers' defined in 'libglew32.lib(glew.obj)' is imported by 'main.obj' in function '"public: void __cdecl Model::set_buffer_data(unsigned int,class std::vector<float,class std::allocator<float> > const &)" (?set_buffer_data@Model@@QEAAXIAEBV?$vector@MV?$allocator@M@std@@@std@@@Z)'
LINK : warning LNK4217: symbol '__glewAttachShader' defined in 'libglew32.lib(glew.obj)' is imported by 'main.obj' in function '"public: __cdecl Shader::Shader(char const *,char const *)" (??0Shader@@QEAA@PEBD0@Z)'
LINK : warning LNK4217: symbol '__glewCompileShader' defined in 'libglew32.lib(glew.obj)' is imported by 'main.obj' in function '"public: __cdecl Shader::Shader(char const *,char const *)" (??0Shader@@QEAA@PEBD0@Z)'
LINK : warning LNK4217: symbol '__glewCreateProgram' defined in 'libglew32.lib(glew.obj)' is imported by 'main.obj' in function '"public: __cdecl Shader::Shader(char const *,char const *)" (??0Shader@@QEAA@PEBD0@Z)'
LINK : warning LNK4217: symbol '__glewCreateShader' defined in 'libglew32.lib(glew.obj)' is imported by 'main.obj' in function '"public: __cdecl Shader::Shader(char const *,char const *)" (??0Shader@@QEAA@PEBD0@Z)'
LINK : warning LNK4217: symbol '__glewDeleteProgram' defined in 'libglew32.lib(glew.obj)' is imported by 'main.obj' in function 'main'
LINK : warning LNK4217: symbol '__glewDeleteShader' defined in 'libglew32.lib(glew.obj)' is imported by 'main.obj' in function '"public: __cdecl Shader::Shader(char const *,char const *)" (??0Shader@@QEAA@PEBD0@Z)'
LINK : warning LNK4217: symbol '__glewEnableVertexAttribArray' defined in 'libglew32.lib(glew.obj)' is imported by 'main.obj' in function '"public: void __cdecl Model::set_buffer_data(unsigned int,class std::vector<float,class std::allocator<float> > const &)" (?set_buffer_data@Model@@QEAAXIAEBV?$vector@MV?$allocator@M@std@@@std@@@Z)'
LINK : warning LNK4217: symbol '__glewGetProgramInfoLog' defined in 'libglew32.lib(glew.obj)' is imported by 'main.obj' in function '"private: void __cdecl Shader::Check_Shaders_Program(unsigned int,class std::basic_string<char,struct std::char_traits<char>,class std::allocator<char> >)" (?Check_Shaders_Program@Shader@@AEAAXIV?$basic_string@DU?$char_traits@D@std@@V?$allocator@D@2@@std@@@Z)'
LINK : warning LNK4217: symbol '__glewGetProgramiv' defined in 'libglew32.lib(glew.obj)' is imported by 'main.obj' in function '"private: void __cdecl Shader::Check_Shaders_Program(unsigned int,class std::basic_string<char,struct std::char_traits<char>,class std::allocator<char> >)" (?Check_Shaders_Program@Shader@@AEAAXIV?$basic_string@DU?$char_traits@D@std@@V?$allocator@D@2@@std@@@Z)'
LINK : warning LNK4217: symbol '__glewGetShaderInfoLog' defined in 'libglew32.lib(glew.obj)' is imported by 'main.obj' in function '"private: void __cdecl Shader::Check_Shaders_Program(unsigned int,class std::basic_string<char,struct std::char_traits<char>,class std::allocator<char> >)" (?Check_Shaders_Program@Shader@@AEAAXIV?$basic_string@DU?$char_traits@D@std@@V?$allocator@D@2@@std@@@Z)'
LINK : warning LNK4217: symbol '__glewGetShaderiv' defined in 'libglew32.lib(glew.obj)' is imported by 'main.obj' in function '"private: void __cdecl Shader::Check_Shaders_Program(unsigned int,class std::basic_string<char,struct std::char_traits<char>,class std::allocator<char> >)" (?Check_Shaders_Program@Shader@@AEAAXIV?$basic_string@DU?$char_traits@D@std@@V?$allocator@D@2@@std@@@Z)'
LINK : warning LNK4217: symbol '__glewGetUniformLocation' defined in 'libglew32.lib(glew.obj)' is imported by 'main.obj' in function 'main'
LINK : warning LNK4217: symbol '__glewLinkProgram' defined in 'libglew32.lib(glew.obj)' is imported by 'main.obj' in function '"public: __cdecl Shader::Shader(char const *,char const *)" (??0Shader@@QEAA@PEBD0@Z)'
LINK : warning LNK4217: symbol '__glewShaderSource' defined in 'libglew32.lib(glew.obj)' is imported by 'main.obj' in function '"public: __cdecl Shader::Shader(char const *,char const *)" (??0Shader@@QEAA@PEBD0@Z)'
LINK : warning LNK4217: symbol '__glewUniform1i' defined in 'libglew32.lib(glew.obj)' is imported by 'main.obj' in function 'main'
LINK : warning LNK4217: symbol '__glewUniform3f' defined in 'libglew32.lib(glew.obj)' is imported by 'main.obj' in function 'main'
LINK : warning LNK4217: symbol '__glewUniformMatrix4fv' defined in 'libglew32.lib(glew.obj)' is imported by 'main.obj' in function 'main'
LINK : warning LNK4217: symbol '__glewUseProgram' defined in 'libglew32.lib(glew.obj)' is imported by 'main.obj' in function '"public: void __cdecl Shader::use(void)" (?use@Shader@@QEAAXXZ)'
LINK : warning LNK4217: symbol '__glewVertexAttribPointer' defined in 'libglew32.lib(glew.obj)' is imported by 'main.obj' in function '"public: void __cdecl Model::set_buffer_data(unsigned int,class std::vector<float,class std::allocator<float> > const &)" (?set_buffer_data@Model@@QEAAXIAEBV?$vector@MV?$allocator@M@std@@@std@@@Z)'
LINK : warning LNK4217: symbol '__glewGenerateMipmap' defined in 'libglew32.lib(glew.obj)' is imported by 'main.obj' in function '"private: unsigned int __cdecl Model::load_texture_image(class std::basic_string<char,struct std::char_traits<char>,class std::allocator<char> >,bool &)" (?load_texture_image@Model@@AEAAIV?$basic_string@DU?$char_traits@D@std@@V?$allocator@D@2@@std@@AEA_N@Z)'
LINK : warning LNK4217: symbol '__glewBindVertexArray' defined in 'libglew32.lib(glew.obj)' is imported by 'main.obj' in function '"public: void __cdecl Model::set_buffer_data(unsigned int,class std::vector<float,class std::allocator<float> > const &)" (?set_buffer_data@Model@@QEAAXIAEBV?$vector@MV?$allocator@M@std@@@std@@@Z)'
LINK : warning LNK4217: symbol '__glewGenVertexArrays' defined in 'libglew32.lib(glew.obj)' is imported by 'main.obj' in function '"public: void __cdecl Model::set_buffer_data(unsigned int,class std::vector<float,class std::allocator<float> > const &)" (?set_buffer_data@Model@@QEAAXIAEBV?$vector@MV?$allocator@M@std@@@std@@@Z)'
  Finite Element Analysis (FEA).vcxproj -> C:\Users\Loki\Source\Repos\Final-Project\x64\Debug\Finite Element Analysis (FEA) Program.exe
